[2025-11-17T04:01:29.752587+00:00] DNA_SYNTHESIZER: Generating comprehensive DNA synthesis report
[2025-11-17T04:01:29.754264+00:00] DNA_SYNTHESIZER: Analyzing DNA structure for Steps Recorder
[2025-11-17T04:01:29.754413+00:00] DNA_SYNTHESIZER: Analyzing DNA structure for WordPad
[2025-11-17T04:01:29.754543+00:00] DNA_SYNTHESIZER: Analyzing DNA structure for Windows PowerShell ISE
[2025-11-17T04:01:29.754664+00:00] DNA_SYNTHESIZER: Analyzing DNA structure for Registry Editor
[2025-11-17T04:01:29.754783+00:00] DNA_SYNTHESIZER: Analyzing DNA structure for System Information
[2025-11-17T04:01:29.755188+00:00] DNA_SYNTHESIZER: Analyzing DNA structure for Resource Monitor
[2025-11-17T04:01:29.755448+00:00] DNA_SYNTHESIZER: Analyzing DNA structure for Speech Recognition
[2025-11-17T04:01:29.755802+00:00] DNA_SYNTHESIZER: Analyzing DNA structure for Character Map
[2025-11-17T04:01:29.756129+00:00] DNA_SYNTHESIZER: Analyzing DNA structure for ODBC Data Sources
[2025-11-17T04:01:29.756419+00:00] DNA_SYNTHESIZER: Analyzing DNA structure for Task Manager
[2025-11-17T04:01:29.756646+00:00] DNA_SYNTHESIZER: Synthesizing compound via administrative_sovereignty reaction
[2025-11-17T04:01:29.756972+00:00] DNA_SYNTHESIZER: Analyzing DNA structure for Registry Editor
[2025-11-17T04:01:29.757358+00:00] DNA_SYNTHESIZER: Analyzing DNA structure for Windows PowerShell ISE
[2025-11-17T04:01:29.758031+00:00] DNA_SYNTHESIZER: Analyzing DNA structure for System Information
[2025-11-17T04:01:29.758236+00:00] DNA_SYNTHESIZER: Synthesizing compound via documentation_matrix reaction
[2025-11-17T04:01:29.758933+00:00] DNA_SYNTHESIZER: Analyzing DNA structure for Steps Recorder
[2025-11-17T04:01:29.759055+00:00] DNA_SYNTHESIZER: Analyzing DNA structure for WordPad
[2025-11-17T04:01:29.759202+00:00] DNA_SYNTHESIZER: Analyzing DNA structure for Character Map
[2025-11-17T04:01:29.759660+00:00] DNA_SYNTHESIZER: Synthesizing compound via cognitive_interface reaction
[2025-11-17T04:01:29.760155+00:00] DNA_SYNTHESIZER: Analyzing DNA structure for Speech Recognition
[2025-11-17T04:01:29.760402+00:00] DNA_SYNTHESIZER: Analyzing DNA structure for Resource Monitor
[2025-11-17T04:01:29.760631+00:00] DNA_SYNTHESIZER: Analyzing DNA structure for ODBC Data Sources
